<?xml version="1.0" encoding="UTF-8"?>
<testsuite xmlns:xsi="http://www.w3.org/2001/XMLSchema-instance" xsi:noNamespaceSchemaLocation="https://maven.apache.org/surefire/maven-failsafe-plugin/xsd/failsafe-test-report.xsd" name="integration.ClimbingLeaderBoardTest" time="0.034" tests="3" errors="0" skipped="0" failures="0">
  <properties>
[...]
</properties>
  <testcase name="basicCase1" classname="integration.ClimbingLeaderBoardTest" time="0.009"/>
  <testcase name="basicCase2" classname="integration.ClimbingLeaderBoardTest" time="0"/>
  <testcase name="basicCase3" classname="integration.ClimbingLeaderBoardTest" time="0"/>
</testsuite>